# JRE version: Java(TM) SE Runtime Environment (8.0_271-b09) (build 1.8.0_271-b09)
# Java VM: Java HotSpot(TM) 64-Bit Server VM (25.271-b09 mixed mode windows-amd64 compressed oops)
Heap:
 PSYoungGen      total 38400K, used 34785K [0x00000000d5c00000, 0x00000000d8680000, 0x0000000100000000)
  eden space 33280K, 90% used [0x00000000d5c00000,0x00000000d7958648,0x00000000d7c80000)
  from space 5120K, 92% used [0x00000000d7c80000,0x00000000d8120060,0x00000000d8180000)
  to   space 5120K, 0% used [0x00000000d8180000,0x00000000d8180000,0x00000000d8680000)
 ParOldGen       total 68608K, used 17283K [0x0000000081400000, 0x0000000085700000, 0x00000000d5c00000)
  object space 68608K, 25% used [0x0000000081400000,0x00000000824e0d70,0x0000000085700000)
 Metaspace       used 26792K, capacity 28372K, committed 28544K, reserved 1073152K
  class space    used 3591K, capacity 3901K, committed 3968K, reserved 1048576K
GC Heap History (8 events):
Event: 0.565 GC heap before
{Heap before GC invocations=1 (full 0):
 PSYoungGen      total 38400K, used 31277K [0x00000000d5c00000, 0x00000000d8680000, 0x0000000100000000)
  eden space 33280K, 93% used [0x00000000d5c00000,0x00000000d7a8b708,0x00000000d7c80000)
  from space 5120K, 0% used [0x00000000d8180000,0x00000000d8180000,0x00000000d8680000)
  to   space 5120K, 0% used [0x00000000d7c80000,0x00000000d7c80000,0x00000000d8180000)
 ParOldGen       total 87552K, used 0K [0x0000000081400000, 0x0000000086980000, 0x00000000d5c00000)
  object space 87552K, 0% used [0x0000000081400000,0x0000000081400000,0x0000000086980000)
 Metaspace       used 14549K, capacity 15094K, committed 15360K, reserved 1062912K
  class space    used 2112K, capacity 2253K, committed 2304K, reserved 1048576K
Event: 0.568 GC heap after
Heap after GC invocations=1 (full 0):
 PSYoungGen      total 38400K, used 4536K [0x00000000d5c00000, 0x00000000d8680000, 0x0000000100000000)
  eden space 33280K, 0% used [0x00000000d5c00000,0x00000000d5c00000,0x00000000d7c80000)
  from space 5120K, 88% used [0x00000000d7c80000,0x00000000d80ee330,0x00000000d8180000)
  to   space 5120K, 0% used [0x00000000d8180000,0x00000000d8180000,0x00000000d8680000)
 ParOldGen       total 87552K, used 80K [0x0000000081400000, 0x0000000086980000, 0x00000000d5c00000)
  object space 87552K, 0% used [0x0000000081400000,0x0000000081414010,0x0000000086980000)
 Metaspace       used 14549K, capacity 15094K, committed 15360K, reserved 1062912K
  class space    used 2112K, capacity 2253K, committed 2304K, reserved 1048576K
}
Event: 5.451 GC heap before
{Heap before GC invocations=2 (full 0):
 PSYoungGen      total 38400K, used 37711K [0x00000000d5c00000, 0x00000000d8680000, 0x0000000100000000)
  eden space 33280K, 99% used [0x00000000d5c00000,0x00000000d7c65ab8,0x00000000d7c80000)
  from space 5120K, 88% used [0x00000000d7c80000,0x00000000d80ee330,0x00000000d8180000)
  to   space 5120K, 0% used [0x00000000d8180000,0x00000000d8180000,0x00000000d8680000)
 ParOldGen       total 87552K, used 80K [0x0000000081400000, 0x0000000086980000, 0x00000000d5c00000)
  object space 87552K, 0% used [0x0000000081400000,0x0000000081414010,0x0000000086980000)
 Metaspace       used 20265K, capacity 21070K, committed 21248K, reserved 1067008K
  class space    used 2749K, capacity 2950K, committed 3072K, reserved 1048576K
Event: 5.459 GC heap after
Heap after GC invocations=2 (full 0):
 PSYoungGen      total 38400K, used 5088K [0x00000000d5c00000, 0x00000000d8680000, 0x0000000100000000)
  eden space 33280K, 0% used [0x00000000d5c00000,0x00000000d5c00000,0x00000000d7c80000)
  from space 5120K, 99% used [0x00000000d8180000,0x00000000d8678070,0x00000000d8680000)
  to   space 5120K, 0% used [0x00000000d7c80000,0x00000000d7c80000,0x00000000d8180000)
 ParOldGen       total 87552K, used 14308K [0x0000000081400000, 0x0000000086980000, 0x00000000d5c00000)
  object space 87552K, 16% used [0x0000000081400000,0x00000000821f9098,0x0000000086980000)
 Metaspace       used 20265K, capacity 21070K, committed 21248K, reserved 1067008K
  class space    used 2749K, capacity 2950K, committed 3072K, reserved 1048576K
}
Event: 5.459 GC heap before
{Heap before GC invocations=3 (full 1):
 PSYoungGen      total 38400K, used 5088K [0x00000000d5c00000, 0x00000000d8680000, 0x0000000100000000)
  eden space 33280K, 0% used [0x00000000d5c00000,0x00000000d5c00000,0x00000000d7c80000)
  from space 5120K, 99% used [0x00000000d8180000,0x00000000d8678070,0x00000000d8680000)
  to   space 5120K, 0% used [0x00000000d7c80000,0x00000000d7c80000,0x00000000d8180000)
 ParOldGen       total 87552K, used 14308K [0x0000000081400000, 0x0000000086980000, 0x00000000d5c00000)
  object space 87552K, 16% used [0x0000000081400000,0x00000000821f9098,0x0000000086980000)
 Metaspace       used 20265K, capacity 21070K, committed 21248K, reserved 1067008K
  class space    used 2749K, capacity 2950K, committed 3072K, reserved 1048576K
Event: 5.483 GC heap after
Heap after GC invocations=3 (full 1):
 PSYoungGen      total 38400K, used 0K [0x00000000d5c00000, 0x00000000d8680000, 0x0000000100000000)
  eden space 33280K, 0% used [0x00000000d5c00000,0x00000000d5c00000,0x00000000d7c80000)
  from space 5120K, 0% used [0x00000000d8180000,0x00000000d8180000,0x00000000d8680000)
  to   space 5120K, 0% used [0x00000000d7c80000,0x00000000d7c80000,0x00000000d8180000)
 ParOldGen       total 68608K, used 17275K [0x0000000081400000, 0x0000000085700000, 0x00000000d5c00000)
  object space 68608K, 25% used [0x0000000081400000,0x00000000824ded70,0x0000000085700000)
 Metaspace       used 20265K, capacity 21070K, committed 21248K, reserved 1067008K
  class space    used 2749K, capacity 2950K, committed 3072K, reserved 1048576K
}
Event: 10.446 GC heap before
{Heap before GC invocations=4 (full 1):
 PSYoungGen      total 38400K, used 33280K [0x00000000d5c00000, 0x00000000d8680000, 0x0000000100000000)
  eden space 33280K, 100% used [0x00000000d5c00000,0x00000000d7c80000,0x00000000d7c80000)
  from space 5120K, 0% used [0x00000000d8180000,0x00000000d8180000,0x00000000d8680000)
  to   space 5120K, 0% used [0x00000000d7c80000,0x00000000d7c80000,0x00000000d8180000)
 ParOldGen       total 68608K, used 17275K [0x0000000081400000, 0x0000000085700000, 0x00000000d5c00000)
  object space 68608K, 25% used [0x0000000081400000,0x00000000824ded70,0x0000000085700000)
 Metaspace       used 23626K, capacity 24930K, committed 24960K, reserved 1071104K
  class space    used 3162K, capacity 3428K, committed 3456K, reserved 1048576K
Event: 10.450 GC heap after
Heap after GC invocations=4 (full 1):
 PSYoungGen      total 38400K, used 4736K [0x00000000d5c00000, 0x00000000d8680000, 0x0000000100000000)
  eden space 33280K, 0% used [0x00000000d5c00000,0x00000000d5c00000,0x00000000d7c80000)
  from space 5120K, 92% used [0x00000000d7c80000,0x00000000d8120060,0x00000000d8180000)
  to   space 5120K, 0% used [0x00000000d8180000,0x00000000d8180000,0x00000000d8680000)
 ParOldGen       total 68608K, used 17283K [0x0000000081400000, 0x0000000085700000, 0x00000000d5c00000)
  object space 68608K, 25% used [0x0000000081400000,0x00000000824e0d70,0x0000000085700000)
 Metaspace       used 23626K, capacity 24930K, committed 24960K, reserved 1071104K
  class space    used 3162K, capacity 3428K, committed 3456K, reserved 1048576K
}

